<?xml version="1.0" encoding="UTF-8"?>
<!-- Generated by org.testng.reporters.JUnitReportReporter -->
<testsuite hostname="DESKTOP-LFRK7HV" failures="0" tests="2" name="mavenintroduction.Mavenjava.Appium" time="0.044" errors="0" timestamp="2020-06-24T17:24:05 SGT" skipped="0">
  <testcase classname="mavenintroduction.Mavenjava.Appium" name="iosApps" time="0.039"/>
  <system-out/>
  <testcase classname="mavenintroduction.Mavenjava.Appium" name="nativeAppAndroid" time="0.005"/>
  <system-out/>
</testsuite> <!-- mavenintroduction.Mavenjava.Appium -->
