<?xml version="1.0" encoding="UTF-8"?>
<!-- Generated by org.testng.reporters.JUnitReportReporter -->
<testsuite hostname="DESKTOP-LFRK7HV" failures="0" tests="2" name="mavenintroduction.Mavenjava.RestApiTest" time="0.010" errors="0" timestamp="2020-06-24T21:30:30 SGT" skipped="0">
  <testcase classname="mavenintroduction.Mavenjava.RestApiTest" name="postJeera" time="0.006"/>
  <system-out/>
  <testcase classname="mavenintroduction.Mavenjava.RestApiTest" name="deleteTwitter" time="0.004"/>
  <system-out/>
</testsuite> <!-- mavenintroduction.Mavenjava.RestApiTest -->
