<?xml version="1.0" encoding="UTF-8"?>
<!-- Generated by org.testng.reporters.JUnitReportReporter -->
<testsuite hostname="DESKTOP-LFRK7HV" failures="0" tests="2" name="mavenintroduction.Mavenjava.AppiumTest" time="0.006" errors="0" timestamp="2020-06-24T21:30:30 SGT" skipped="0">
  <testcase classname="mavenintroduction.Mavenjava.AppiumTest" name="iosApps" time="0.004"/>
  <system-out/>
  <testcase classname="mavenintroduction.Mavenjava.AppiumTest" name="nativeAppAndroid" time="0.002"/>
  <system-out/>
</testsuite> <!-- mavenintroduction.Mavenjava.AppiumTest -->
