<?xml version="1.0" encoding="UTF-8"?>
<!-- Generated by org.testng.reporters.JUnitReportReporter -->
<testsuite hostname="DESKTOP-LFRK7HV" failures="0" tests="2" name="mavenintroduction.Mavenjava.RestApi" time="0.013" errors="0" timestamp="2020-06-24T17:24:05 SGT" skipped="0">
  <testcase classname="mavenintroduction.Mavenjava.RestApi" name="deleteTwitter" time="0.009"/>
  <system-out/>
  <testcase classname="mavenintroduction.Mavenjava.RestApi" name="postJeera" time="0.004"/>
  <system-out/>
</testsuite> <!-- mavenintroduction.Mavenjava.RestApi -->
