<?xml version="1.0" encoding="UTF-8"?>
<!-- Generated by org.testng.reporters.JUnitReportReporter -->
<testsuite hostname="DESKTOP-LFRK7HV" failures="0" tests="1" name="mavenintroduction.Mavenjava.SeleniumTest" time="0.034" errors="0" timestamp="2020-06-24T21:30:30 SGT" skipped="0">
  <testcase classname="mavenintroduction.Mavenjava.SeleniumTest" name="elementUi" time="0.034"/>
  <system-out/>
</testsuite> <!-- mavenintroduction.Mavenjava.SeleniumTest -->
