<?xml version="1.0" encoding="UTF-8"?>
<!-- Generated by org.testng.reporters.JUnitReportReporter -->
<testsuite hostname="DESKTOP-LFRK7HV" failures="0" tests="2" name="mavenintroduction.Mavenjava.Selenium" time="0.005" errors="0" timestamp="2020-06-24T17:24:05 SGT" skipped="0">
  <testcase classname="mavenintroduction.Mavenjava.Selenium" name="browserAutomation" time="0.002"/>
  <system-out/>
  <testcase classname="mavenintroduction.Mavenjava.Selenium" name="elementUi" time="0.003"/>
  <system-out/>
</testsuite> <!-- mavenintroduction.Mavenjava.Selenium -->
